1412352864.828406 16 0  0 0 0 0  3 3  0.226000 1 255
1412352864.828656 16 1  0 0 0 0  3 3  0.250000 0 255
1412352864.828783 16 2  0 0 0 0  3 3  0.127000 0 255
1412352864.828943 16 3  0 0 0 0  3 3  0.160000 0 255
1412352864.829089 16 4  0 0 0 0  3 3  0.146000 0 255
1412352864.829185 16 5  0 0 0 0  3 3  0.096000 0 255
1412352864.829309 16 6  0 0 0 0  3 3  0.124000 0 255
1412352864.830472 16 7  0 0 0 0  3 3  1.163000 0 255
1412352864.830572 16 8  0 0 0 0  3 3  0.100000 0 255
1412352864.830693 16 9  0 0 0 0  3 3  0.121000 0 255
1412352864.831934 16 10  0 0 0 0  3 3  1.241000 0 255
1412352864.832163 16 11  0 0 0 0  3 3  0.229000 0 255
1412352864.832322 16 12  0 0 0 0  3 3  0.159000 0 255
1412352864.846228 16 13  0 0 0 0  3 3  13.906000 0 255
1412352864.861347 16 14  0 0 0 0  3 3  15.119000 0 255
1412352864.876512 16 15  0 0 0 0  3 3  15.165000 0 255
1412352864.891453 19 16  0 0 0 0  3 3  14.941000 1 255
1412352864.906598 19 17  0 0 0 0  3 3  15.145000 -2 255
1412352864.921511 19 18  0 0 0 0  3 3  14.913000 -2 255
1412352864.936694 22 19  0 0 0 0  3 3  15.183000 -4 255
1412352864.951542 22 20  0 0 0 0  3 3  14.848000 -3 255
1412352864.966646 22 21  0 0 0 0  3 3  15.104000 -5 255
1412352864.981614 26 22  0 0 0 0  3 3  14.968000 -4 255
1412352864.996726 26 23  0 0 0 0  3 3  15.112000 -4 255
1412352865.011633 26 24  0 0 0 0  3 3  14.907000 -4 255
1412352865.026733 26 25  0 0 0 0  3 3  15.100000 -4 255
1412352865.041665 29 26  0 0 0 0  2 2  14.932000 -5 255
1412352865.056831 29 27  0 0 0 0  2 2  15.166000 -4 255
1412352865.071689 29 28  0 0 0 0  2 2  14.858000 -4 255
1412352865.086784 32 29  0 0 0 0  2 2  15.095000 -4 255
1412352865.101684 32 30  0 0 0 0  2 2  14.900000 -2 255
1412352865.116813 32 31  0 0 0 0  2 2  15.129000 -2 255
1412352865.131753 36 32  0 0 0 0  2 2  14.940000 -2 255
1412352865.146937 36 33  0 0 0 0  2 2  15.184000 -1 255
1412352865.161808 36 34  0 0 0 0  2 2  14.871000 0 255
1412352865.176979 36 35  0 0 0 0  2 2  15.171000 0 255
1412352865.191837 39 36  0 0 0 0  2 2  14.858000 0 255
1412352865.206963 39 37  0 0 0 0  2 2  15.126000 0 255
1412352865.221940 39 38  0 0 0 0  2 2  14.977000 -1 255
1412352865.237005 43 39  0 0 0 0  1 1  15.065000 0 255
1412352865.251931 43 40  0 0 0 0  1 1  14.926000 0 255
1412352865.267016 43 41  0 0 0 0  1 1  15.085000 0 255
1412352865.281928 43 42  0 0 0 0  1 1  14.912000 0 255
1412352865.297019 46 43  0 0 0 0  1 1  15.091000 0 255
1412352865.311961 46 44  0 0 0 0  1 1  14.942000 0 255
1412352865.327061 46 45  0 0 0 0  1 1  15.100000 -1 255
1412352865.342046 49 46  0 0 0 0  1 1  14.985000 -1 255
1412352865.357176 49 47  0 0 0 0  1 1  15.130000 0 255
1412352865.372057 49 48  0 0 0 0  1 1  14.881000 0 255
1412352865.387182 53 49  0 0 0 0  1 1  15.125000 0 255
1412352865.402099 53 50  0 0 0 0  1 1  14.917000 0 255
1412352865.417265 53 51  0 0 0 0  1 1  15.166000 0 255
1412352865.432130 53 52  0 0 0 0  0 0  14.865000 -1 255
1412352865.447246 56 53  0 0 0 0  0 0  15.116000 0 255
1412352865.462165 56 54  0 0 0 0  0 0  14.919000 0 255
1412352865.477253 56 55  0 0 0 0  0 0  15.088000 1 255
1412352865.492228 59 56  0 0 0 0  0 0  14.975000 2 255
1412352865.507149 59 57  0 0 0 0  0 0  14.921000 1 255
1412352865.522201 59 58  0 0 0 0  0 0  15.052000 2 255
1412352865.537395 63 59  0 0 0 0  0 0  15.194000 3 255
1412352865.552312 63 60  0 0 0 0  0 0  14.917000 3 255
1412352865.567390 63 61  0 0 0 0  0 0  15.078000 4 255
1412352865.582356 63 62  0 0 0 0  0 0  14.966000 4 255
1412352865.597475 66 63  0 0 0 0  0 0  15.119000 5 255
1412352865.612366 66 64  0 0 0 0  0 0  14.891000 4 255
1412352865.627478 66 65  0 0 0 0  0 0  15.112000 4 255
1412352865.642391 69 66  0 0 0 0  0 0  14.913000 5 255
1412352865.657567 69 67  0 0 0 0  0 0  15.176000 4 255
1412352865.672460 69 68  0 0 0 0  0 0  14.893000 4 255
1412352865.687596 73 69  0 0 0 0  0 0  15.136000 4 255
1412352865.702508 73 70  0 0 0 0  0 0  14.912000 5 255
1412352865.717615 73 71  0 0 0 0  0 0  15.107000 4 255
1412352865.732516 73 72  0 0 0 0  3 3  14.901000 4 255
1412352865.747639 76 73  0 0 0 0  3 3  15.123000 4 255
1412352865.762516 76 74  0 0 0 0  3 3  14.877000 5 255
1412352865.777612 76 75  0 0 0 0  3 3  15.096000 3 255
1412352865.792561 80 76  0 0 0 0  3 3  14.949000 0 255
1412352865.807677 80 77  0 0 0 0  3 3  15.116000 1 255
1412352865.822637 80 78  0 0 0 0  3 3  14.960000 1 255
1412352865.837772 80 79  0 0 0 0  0 0  15.135000 -2 255
1412352865.852664 83 80  0 0 0 0  0 0  14.892000 -4 255
1412352865.867742 83 81  0 0 0 0  0 0  15.078000 -3 255
1412352865.882652 83 82  0 0 0 0  0 0  14.910000 -3 255
1412352865.897782 86 83  0 0 0 0  0 0  15.130000 0 255
1412352865.912765 86 84  0 0 0 0  0 0  14.983000 -3 255
1412352865.927852 86 85  0 0 0 0  0 0  15.087000 4 255
1412352865.942779 90 86  0 0 0 0  0 0  14.927000 3 255
1412352865.957936 90 87  0 0 0 0  0 0  15.157000 3 255
1412352865.972821 90 88  0 0 0 0  0 0  14.885000 3 255
1412352865.987924 90 89  0 0 0 0  0 0  15.103000 3 255
1412352866.002818 93 90  0 0 0 0  0 0  14.894000 5 255
1412352866.017976 93 91  0 0 0 0  0 0  15.158000 4 255
1412352866.032904 93 92  0 0 0 0  0 0  14.928000 4 255
1412352866.047976 96 93  0 0 0 0  0 0  15.072000 4 255
1412352866.062923 96 94  0 0 0 0  0 0  14.947000 4 255
1412352866.078020 96 95  0 0 0 0  0 0  15.097000 4 255
1412352866.092896 100 96  0 0 0 0  0 0  14.876000 4 255
1412352866.107998 100 97  0 0 0 0  0 0  15.102000 5 255
1412352866.122979 100 98  0 0 0 0  0 0  14.981000 4 255
1412352866.138136 100 99  0 0 0 0  0 0  15.157000 4 255
1412352866.153013 103 100  0 0 0 0  0 0  14.877000 5 255
1412352866.168107 103 101  0 0 0 0  0 0  15.094000 4 255
1412352866.183129 103 102  0 0 0 0  0 0  15.022000 4 255
1412352866.198190 106 103  0 0 0 0  0 0  15.061000 5 255
1412352866.213212 106 104  0 0 0 0  0 0  15.022000 4 255
1412352866.228225 106 105  0 0 0 0  0 0  15.013000 4 255
1412352866.243132 110 106  0 0 0 0  0 0  14.907000 4 255
1412352866.258292 110 107  0 0 0 0  0 0  15.160000 5 255
1412352866.273175 110 108  0 0 0 0  0 0  14.883000 4 255
1412352866.288289 110 109  0 0 0 0  0 0  15.114000 4 255
1412352866.303208 113 110  0 0 0 0  0 0  14.919000 5 255
1412352866.318339 113 111  0 0 0 0  0 0  15.131000 4 255
1412352866.333290 113 112  0 0 0 0  0 0  14.951000 4 255
1412352866.348336 116 113  0 0 0 0  0 0  15.046000 5 255
1412352866.363320 116 114  0 0 0 0  0 0  14.984000 4 255
1412352866.378461 116 115  0 0 0 0  0 0  15.141000 5 255
1412352866.393470 120 116  0 0 0 0  0 0  15.009000 4 255
1412352866.408406 120 117  0 0 0 0  0 0  14.936000 4 255
1412352866.423380 120 118  0 0 0 0  0 0  14.974000 4 255
1412352866.438495 120 119  0 0 0 0  0 0  15.115000 5 255
1412352866.453511 123 120  0 0 0 0  0 0  15.016000 4 255
1412352866.468460 123 121  0 0 0 0  0 0  14.949000 4 255
1412352866.483471 123 122  0 0 0 0  0 0  15.011000 5 255
1412352866.498576 127 123  0 0 0 0  0 0  15.105000 4 255
1412352866.513595 127 124  0 0 0 0  0 0  15.019000 4 255
1412352866.528538 127 125  0 0 0 0  0 0  14.943000 5 255
1412352866.543512 127 126  0 0 0 0  0 0  14.974000 4 255
1412352866.558638 130 127  0 0 0 0  0 0  15.126000 5 255
1412352866.573679 130 128  0 0 0 0  0 0  15.041000 4 255
1412352866.588661 130 129  0 0 0 0  0 0  14.982000 4 255
1412352866.603613 133 130  0 0 0 0  0 0  14.952000 5 255
1412352866.618724 133 131  0 0 0 0  0 0  15.111000 4 255
1412352866.633746 133 132  0 0 0 0  0 0  15.022000 4 255
